<?xml version="1.0" encoding="UTF-8"?>
<!-- Generated by org.testng.reporters.JUnitXMLReporter -->
<testsuite ignored="0" hostname="DESKTOP-OSM8RH8" failures="1" tests="3" name="Test" time="166.347" errors="0" timestamp="2024-08-02T17:17:02 IST">
  <testcase classname="tests.LoginTest" name="VerifyLoginWithValidCred" time="35.967"/>
  <testcase classname="tests.LoginTest" name="VerifyLoginWithValidCred" time="59.815"/>
  <testcase classname="tests.LoginTest" name="VerifyLoginWithValidCred" time="50.125">
    <failure type="java.lang.AssertionError" message="expected [false] but found [true]">
      <![CDATA[java.lang.AssertionError: expected [false] but found [true]
at tests.LoginTest.VerifyLoginWithValidCred(LoginTest.java:92)
at java.base/java.util.ArrayList.forEach(ArrayList.java:1541)
... Removed 35 stack frames]]>
    </failure>
  </testcase> <!-- VerifyLoginWithValidCred -->
</testsuite> <!-- Test -->
